%include /usr/share/aoscbootstrap/recipes/base.lst
adobe-source-code-pro
aoscdk-rs
arc-theme
caja
dracut
fcitx
fcitx-anthy
fcitx-configtool
fcitx-libpinyin
fcitx-hangul
firefox
firmware-free
firmware-nonfree
gparted
lxdm
linux+kernel
mate-control-center
mate-desktop
mate-icon-theme
mate-menus
mate-panel
mate-polkit
mate-session-manager
mate-settings-daemon
mate-system-monitor
mate-terminal
network-manager-applet
noto-cjk-fonts
noto-fonts
openfwwf
pluma
plymouth-livekit
x11-base
pluma
networkmanager
wimlib
